<?xml version="1.0" encoding="UTF-8"?>
<testsuite name="com.feed.LoginTest" tests="4" skipped="0" failures="1" errors="0" timestamp="2017-02-14T06:28:40" hostname="chan-ThinkPad-T440" time="4.153">
  <properties/>
  <testcase name="loginTest" classname="com.feed.LoginTest" time="1.036"/>
  <testcase name="loginOverlap" classname="com.feed.LoginTest" time="1.139">
    <failure message="org.junit.ComparisonFailure: $에러페이지가 호출되지 않았습니다.$ expected:&lt;[Error]&gt; but was:&lt;[Feed]&gt;" type="org.junit.ComparisonFailure">org.junit.ComparisonFailure: $에러페이지가 호출되지 않았습니다.$ expected:&lt;[Error]&gt; but was:&lt;[Feed]&gt;
	at org.junit.Assert.assertEquals(Assert.java:115)
	at com.feed.LoginTest.loginOverlap(LoginTest.java:164)
	at sun.reflect.NativeMethodAccessorImpl.invoke0(Native Method)
	at sun.reflect.NativeMethodAccessorImpl.invoke(NativeMethodAccessorImpl.java:62)
	at sun.reflect.DelegatingMethodAccessorImpl.invoke(DelegatingMethodAccessorImpl.java:43)
	at java.lang.reflect.Method.invoke(Method.java:498)
	at org.junit.runners.model.FrameworkMethod$1.runReflectiveCall(FrameworkMethod.java:50)
	at org.junit.internal.runners.model.ReflectiveCallable.run(ReflectiveCallable.java:12)
	at org.junit.runners.model.FrameworkMethod.invokeExplosively(FrameworkMethod.java:47)
	at org.junit.internal.runners.statements.InvokeMethod.evaluate(InvokeMethod.java:17)
	at org.junit.internal.runners.statements.RunBefores.evaluate(RunBefores.java:26)
	at org.springframework.test.context.junit4.statements.RunBeforeTestMethodCallbacks.evaluate(RunBeforeTestMethodCallbacks.java:75)
	at org.junit.internal.runners.statements.RunAfters.evaluate(RunAfters.java:27)
	at org.springframework.test.context.junit4.statements.RunAfterTestMethodCallbacks.evaluate(RunAfterTestMethodCallbacks.java:86)
	at org.springframework.test.context.junit4.statements.SpringRepeat.evaluate(SpringRepeat.java:84)
	at org.junit.runners.ParentRunner.runLeaf(ParentRunner.java:325)
	at org.springframework.test.context.junit4.SpringJUnit4ClassRunner.runChild(SpringJUnit4ClassRunner.java:252)
	at org.springframework.test.context.junit4.SpringJUnit4ClassRunner.runChild(SpringJUnit4ClassRunner.java:94)
	at org.junit.runners.ParentRunner$3.run(ParentRunner.java:290)
	at org.junit.runners.ParentRunner$1.schedule(ParentRunner.java:71)
	at org.junit.runners.ParentRunner.runChildren(ParentRunner.java:288)
	at org.junit.runners.ParentRunner.access$000(ParentRunner.java:58)
	at org.junit.runners.ParentRunner$2.evaluate(ParentRunner.java:268)
	at org.springframework.test.context.junit4.statements.RunBeforeTestClassCallbacks.evaluate(RunBeforeTestClassCallbacks.java:61)
	at org.springframework.test.context.junit4.statements.RunAfterTestClassCallbacks.evaluate(RunAfterTestClassCallbacks.java:70)
	at org.junit.runners.ParentRunner.run(ParentRunner.java:363)
	at org.springframework.test.context.junit4.SpringJUnit4ClassRunner.run(SpringJUnit4ClassRunner.java:191)
	at org.gradle.api.internal.tasks.testing.junit.JUnitTestClassExecuter.runTestClass(JUnitTestClassExecuter.java:105)
	at org.gradle.api.internal.tasks.testing.junit.JUnitTestClassExecuter.execute(JUnitTestClassExecuter.java:56)
	at org.gradle.api.internal.tasks.testing.junit.JUnitTestClassProcessor.processTestClass(JUnitTestClassProcessor.java:64)
	at org.gradle.api.internal.tasks.testing.SuiteTestClassProcessor.processTestClass(SuiteTestClassProcessor.java:50)
	at sun.reflect.NativeMethodAccessorImpl.invoke0(Native Method)
	at sun.reflect.NativeMethodAccessorImpl.invoke(NativeMethodAccessorImpl.java:62)
	at sun.reflect.DelegatingMethodAccessorImpl.invoke(DelegatingMethodAccessorImpl.java:43)
	at java.lang.reflect.Method.invoke(Method.java:498)
	at org.gradle.messaging.dispatch.ReflectionDispatch.dispatch(ReflectionDispatch.java:35)
	at org.gradle.messaging.dispatch.ReflectionDispatch.dispatch(ReflectionDispatch.java:24)
	at org.gradle.messaging.dispatch.ContextClassLoaderDispatch.dispatch(ContextClassLoaderDispatch.java:32)
	at org.gradle.messaging.dispatch.ProxyDispatchAdapter$DispatchingInvocationHandler.invoke(ProxyDispatchAdapter.java:93)
	at com.sun.proxy.$Proxy2.processTestClass(Unknown Source)
	at org.gradle.api.internal.tasks.testing.worker.TestWorker.processTestClass(TestWorker.java:106)
	at sun.reflect.NativeMethodAccessorImpl.invoke0(Native Method)
	at sun.reflect.NativeMethodAccessorImpl.invoke(NativeMethodAccessorImpl.java:62)
	at sun.reflect.DelegatingMethodAccessorImpl.invoke(DelegatingMethodAccessorImpl.java:43)
	at java.lang.reflect.Method.invoke(Method.java:498)
	at org.gradle.messaging.dispatch.ReflectionDispatch.dispatch(ReflectionDispatch.java:35)
	at org.gradle.messaging.dispatch.ReflectionDispatch.dispatch(ReflectionDispatch.java:24)
	at org.gradle.messaging.remote.internal.hub.MessageHub$Handler.run(MessageHub.java:360)
	at org.gradle.internal.concurrent.ExecutorPolicy$CatchAndRecordFailures.onExecute(ExecutorPolicy.java:54)
	at org.gradle.internal.concurrent.StoppableExecutorImpl$1.run(StoppableExecutorImpl.java:40)
	at java.util.concurrent.ThreadPoolExecutor.runWorker(ThreadPoolExecutor.java:1142)
	at java.util.concurrent.ThreadPoolExecutor$Worker.run(ThreadPoolExecutor.java:617)
	at java.lang.Thread.run(Thread.java:745)
</failure>
  </testcase>
  <testcase name="loginWrongID" classname="com.feed.LoginTest" time="0.909"/>
  <testcase name="loginWrongPW" classname="com.feed.LoginTest" time="1.066"/>
  <system-out><![CDATA[2017-02-14 15:28:40.951  INFO 3877 --- [    Test worker] o.s.t.c.support.AbstractContextLoader    : Could not detect default resource locations for test class [com.feed.LoginTest]: no resource found for suffixes {-context.xml, Context.groovy}.
2017-02-14 15:28:40.960  INFO 3877 --- [    Test worker] WebAppIntegrationTestContextBootstrapper : Loaded default TestExecutionListener class names from location [META-INF/spring.factories]: [org.springframework.boot.test.mock.mockito.MockitoTestExecutionListener, org.springframework.boot.test.mock.mockito.ResetMocksTestExecutionListener, org.springframework.boot.test.autoconfigure.restdocs.RestDocsTestExecutionListener, org.springframework.boot.test.autoconfigure.web.client.MockRestServiceServerResetTestExecutionListener, org.springframework.boot.test.autoconfigure.web.servlet.MockMvcPrintOnlyOnFailureTestExecutionListener, org.springframework.boot.test.autoconfigure.web.servlet.WebDriverTestExecutionListener, org.springframework.test.context.web.ServletTestExecutionListener, org.springframework.test.context.support.DirtiesContextBeforeModesTestExecutionListener, org.springframework.test.context.support.DependencyInjectionTestExecutionListener, org.springframework.test.context.support.DirtiesContextTestExecutionListener, org.springframework.test.context.transaction.TransactionalTestExecutionListener, org.springframework.test.context.jdbc.SqlScriptsTestExecutionListener]
2017-02-14 15:28:40.960  INFO 3877 --- [    Test worker] WebAppIntegrationTestContextBootstrapper : Using TestExecutionListeners: [org.springframework.test.context.web.ServletTestExecutionListener@4d44f11, org.springframework.test.context.support.DirtiesContextBeforeModesTestExecutionListener@4f379060, org.springframework.test.context.support.DependencyInjectionTestExecutionListener@309b2c57, org.springframework.test.context.support.DirtiesContextTestExecutionListener@2ab93f11, org.springframework.test.context.transaction.TransactionalTestExecutionListener@cb35190, org.springframework.test.context.jdbc.SqlScriptsTestExecutionListener@7ff464f6, org.springframework.boot.test.mock.mockito.ResetMocksTestExecutionListener@16e406cb, org.springframework.boot.test.autoconfigure.web.client.MockRestServiceServerResetTestExecutionListener@7546e2b1, org.springframework.boot.test.autoconfigure.restdocs.RestDocsTestExecutionListener@636f0258, org.springframework.boot.test.autoconfigure.web.servlet.MockMvcPrintOnlyOnFailureTestExecutionListener@3f600917, org.springframework.boot.test.autoconfigure.web.servlet.WebDriverTestExecutionListener@904926e, org.springframework.boot.test.mock.mockito.MockitoTestExecutionListener@4b15aa95]
/media/chan/EECE76F1CE76B207/Users/user/IdeaProjects/SpringFeed
2017-02-14 15:28:40.970  INFO 3877 --- [    Test worker] o.o.s.phantomjs.PhantomJSDriverService   : executable: /media/chan/EECE76F1CE76B207/Users/user/IdeaProjects/SpringFeed/src/test/resources/phantomjs-2.1.1-linux-x86_64/bin/phantomjs
2017-02-14 15:28:40.970  INFO 3877 --- [    Test worker] o.o.s.phantomjs.PhantomJSDriverService   : port: 29923
2017-02-14 15:28:40.971  INFO 3877 --- [    Test worker] o.o.s.phantomjs.PhantomJSDriverService   : arguments: [--webdriver=29923, --webdriver-logfile=/media/chan/EECE76F1CE76B207/Users/user/IdeaProjects/SpringFeed/phantomjsdriver.log]
2017-02-14 15:28:40.971  INFO 3877 --- [    Test worker] o.o.s.phantomjs.PhantomJSDriverService   : environment: {}
Hibernate: select user0_.user_id as user_id1_2_, user0_.follower as follower2_2_, user0_.following as followin3_2_, user0_.is_enabled as is_enabl4_2_, user0_.password as password5_2_, user0_.posting as posting6_2_ from user user0_ where user0_.user_id=?
Hibernate: select user0_.user_id as user_id1_2_0_, user0_.follower as follower2_2_0_, user0_.following as followin3_2_0_, user0_.is_enabled as is_enabl4_2_0_, user0_.password as password5_2_0_, user0_.posting as posting6_2_0_ from user user0_ where user0_.user_id=?
Hibernate: update user set follower=?, following=?, is_enabled=?, password=?, posting=? where user_id=?
Hibernate: select post0_.id as id1_1_, post0_.content as content2_1_, post0_.user_id as user_id3_1_ from post post0_ order by post0_.id desc
/media/chan/EECE76F1CE76B207/Users/user/IdeaProjects/SpringFeed
2017-02-14 15:28:42.008  INFO 3877 --- [    Test worker] o.o.s.phantomjs.PhantomJSDriverService   : executable: /media/chan/EECE76F1CE76B207/Users/user/IdeaProjects/SpringFeed/src/test/resources/phantomjs-2.1.1-linux-x86_64/bin/phantomjs
2017-02-14 15:28:42.008  INFO 3877 --- [    Test worker] o.o.s.phantomjs.PhantomJSDriverService   : port: 24531
2017-02-14 15:28:42.008  INFO 3877 --- [    Test worker] o.o.s.phantomjs.PhantomJSDriverService   : arguments: [--webdriver=24531, --webdriver-logfile=/media/chan/EECE76F1CE76B207/Users/user/IdeaProjects/SpringFeed/phantomjsdriver.log]
2017-02-14 15:28:42.008  INFO 3877 --- [    Test worker] o.o.s.phantomjs.PhantomJSDriverService   : environment: {}
Hibernate: select user0_.user_id as user_id1_2_, user0_.follower as follower2_2_, user0_.following as followin3_2_, user0_.is_enabled as is_enabl4_2_, user0_.password as password5_2_, user0_.posting as posting6_2_ from user user0_ where user0_.user_id=?
Hibernate: select user0_.user_id as user_id1_2_0_, user0_.follower as follower2_2_0_, user0_.following as followin3_2_0_, user0_.is_enabled as is_enabl4_2_0_, user0_.password as password5_2_0_, user0_.posting as posting6_2_0_ from user user0_ where user0_.user_id=?
Hibernate: select post0_.id as id1_1_, post0_.content as content2_1_, post0_.user_id as user_id3_1_ from post post0_ order by post0_.id desc
/media/chan/EECE76F1CE76B207/Users/user/IdeaProjects/SpringFeed
2017-02-14 15:28:43.147  INFO 3877 --- [    Test worker] o.o.s.phantomjs.PhantomJSDriverService   : executable: /media/chan/EECE76F1CE76B207/Users/user/IdeaProjects/SpringFeed/src/test/resources/phantomjs-2.1.1-linux-x86_64/bin/phantomjs
2017-02-14 15:28:43.148  INFO 3877 --- [    Test worker] o.o.s.phantomjs.PhantomJSDriverService   : port: 25498
2017-02-14 15:28:43.148  INFO 3877 --- [    Test worker] o.o.s.phantomjs.PhantomJSDriverService   : arguments: [--webdriver=25498, --webdriver-logfile=/media/chan/EECE76F1CE76B207/Users/user/IdeaProjects/SpringFeed/phantomjsdriver.log]
2017-02-14 15:28:43.148  INFO 3877 --- [    Test worker] o.o.s.phantomjs.PhantomJSDriverService   : environment: {}
Hibernate: select user0_.user_id as user_id1_2_, user0_.follower as follower2_2_, user0_.following as followin3_2_, user0_.is_enabled as is_enabl4_2_, user0_.password as password5_2_, user0_.posting as posting6_2_ from user user0_ where user0_.user_id=?
/media/chan/EECE76F1CE76B207/Users/user/IdeaProjects/SpringFeed
2017-02-14 15:28:44.059  INFO 3877 --- [    Test worker] o.o.s.phantomjs.PhantomJSDriverService   : executable: /media/chan/EECE76F1CE76B207/Users/user/IdeaProjects/SpringFeed/src/test/resources/phantomjs-2.1.1-linux-x86_64/bin/phantomjs
2017-02-14 15:28:44.059  INFO 3877 --- [    Test worker] o.o.s.phantomjs.PhantomJSDriverService   : port: 12788
2017-02-14 15:28:44.059  INFO 3877 --- [    Test worker] o.o.s.phantomjs.PhantomJSDriverService   : arguments: [--webdriver=12788, --webdriver-logfile=/media/chan/EECE76F1CE76B207/Users/user/IdeaProjects/SpringFeed/phantomjsdriver.log]
2017-02-14 15:28:44.059  INFO 3877 --- [    Test worker] o.o.s.phantomjs.PhantomJSDriverService   : environment: {}
Hibernate: select user0_.user_id as user_id1_2_, user0_.follower as follower2_2_, user0_.following as followin3_2_, user0_.is_enabled as is_enabl4_2_, user0_.password as password5_2_, user0_.posting as posting6_2_ from user user0_ where user0_.user_id=?
]]></system-out>
  <system-err><![CDATA[[INFO  - 2017-02-14T06:28:41.064Z] GhostDriver - Main - running on port 29923
[INFO  - 2017-02-14T06:28:41.136Z] Session [d39ad6c0-f27e-11e6-8292-fda45adc441c] - page.settings - {"XSSAuditingEnabled":false,"javascriptCanCloseWindows":true,"javascriptCanOpenWindows":true,"javascriptEnabled":true,"loadImages":true,"localToRemoteUrlAccessEnabled":false,"userAgent":"Mozilla/5.0 (Unknown; Linux x86_64) AppleWebKit/538.1 (KHTML, like Gecko) PhantomJS/2.1.1 Safari/538.1","webSecurityEnabled":true}
[INFO  - 2017-02-14T06:28:41.136Z] Session [d39ad6c0-f27e-11e6-8292-fda45adc441c] - page.customHeaders:  - {}
[INFO  - 2017-02-14T06:28:41.137Z] Session [d39ad6c0-f27e-11e6-8292-fda45adc441c] - Session.negotiatedCapabilities - {"browserName":"phantomjs","version":"2.1.1","driverName":"ghostdriver","driverVersion":"1.2.0","platform":"linux-unknown-64bit","javascriptEnabled":true,"takesScreenshot":true,"handlesAlerts":false,"databaseEnabled":false,"locationContextEnabled":false,"applicationCacheEnabled":false,"browserConnectionEnabled":false,"cssSelectorsEnabled":true,"webStorageEnabled":false,"rotatable":false,"acceptSslCerts":false,"nativeEvents":true,"proxy":{"proxyType":"direct"}}
[INFO  - 2017-02-14T06:28:41.137Z] SessionManagerReqHand - _postNewSessionCommand - New Session Created: d39ad6c0-f27e-11e6-8292-fda45adc441c
[INFO  - 2017-02-14T06:28:41.923Z] ShutdownReqHand - _handle - About to shutdown
[INFO  - 2017-02-14T06:28:42.111Z] GhostDriver - Main - running on port 24531
[INFO  - 2017-02-14T06:28:42.171Z] Session [d438eb80-f27e-11e6-9713-fd4ee7c59273] - page.settings - {"XSSAuditingEnabled":false,"javascriptCanCloseWindows":true,"javascriptCanOpenWindows":true,"javascriptEnabled":true,"loadImages":true,"localToRemoteUrlAccessEnabled":false,"userAgent":"Mozilla/5.0 (Unknown; Linux x86_64) AppleWebKit/538.1 (KHTML, like Gecko) PhantomJS/2.1.1 Safari/538.1","webSecurityEnabled":true}
[INFO  - 2017-02-14T06:28:42.171Z] Session [d438eb80-f27e-11e6-9713-fd4ee7c59273] - page.customHeaders:  - {}
[INFO  - 2017-02-14T06:28:42.172Z] Session [d438eb80-f27e-11e6-9713-fd4ee7c59273] - Session.negotiatedCapabilities - {"browserName":"phantomjs","version":"2.1.1","driverName":"ghostdriver","driverVersion":"1.2.0","platform":"linux-unknown-64bit","javascriptEnabled":true,"takesScreenshot":true,"handlesAlerts":false,"databaseEnabled":false,"locationContextEnabled":false,"applicationCacheEnabled":false,"browserConnectionEnabled":false,"cssSelectorsEnabled":true,"webStorageEnabled":false,"rotatable":false,"acceptSslCerts":false,"nativeEvents":true,"proxy":{"proxyType":"direct"}}
[INFO  - 2017-02-14T06:28:42.172Z] SessionManagerReqHand - _postNewSessionCommand - New Session Created: d438eb80-f27e-11e6-9713-fd4ee7c59273
[INFO  - 2017-02-14T06:28:43.071Z] ShutdownReqHand - _handle - About to shutdown
[INFO  - 2017-02-14T06:28:43.252Z] GhostDriver - Main - running on port 25498
[INFO  - 2017-02-14T06:28:43.311Z] Session [d4e6dec0-f27e-11e6-9ff4-bb6101e98d1c] - page.settings - {"XSSAuditingEnabled":false,"javascriptCanCloseWindows":true,"javascriptCanOpenWindows":true,"javascriptEnabled":true,"loadImages":true,"localToRemoteUrlAccessEnabled":false,"userAgent":"Mozilla/5.0 (Unknown; Linux x86_64) AppleWebKit/538.1 (KHTML, like Gecko) PhantomJS/2.1.1 Safari/538.1","webSecurityEnabled":true}
[INFO  - 2017-02-14T06:28:43.312Z] Session [d4e6dec0-f27e-11e6-9ff4-bb6101e98d1c] - page.customHeaders:  - {}
[INFO  - 2017-02-14T06:28:43.312Z] Session [d4e6dec0-f27e-11e6-9ff4-bb6101e98d1c] - Session.negotiatedCapabilities - {"browserName":"phantomjs","version":"2.1.1","driverName":"ghostdriver","driverVersion":"1.2.0","platform":"linux-unknown-64bit","javascriptEnabled":true,"takesScreenshot":true,"handlesAlerts":false,"databaseEnabled":false,"locationContextEnabled":false,"applicationCacheEnabled":false,"browserConnectionEnabled":false,"cssSelectorsEnabled":true,"webStorageEnabled":false,"rotatable":false,"acceptSslCerts":false,"nativeEvents":true,"proxy":{"proxyType":"direct"}}
[INFO  - 2017-02-14T06:28:43.312Z] SessionManagerReqHand - _postNewSessionCommand - New Session Created: d4e6dec0-f27e-11e6-9ff4-bb6101e98d1c
[INFO  - 2017-02-14T06:28:44.028Z] ShutdownReqHand - _handle - About to shutdown
[INFO  - 2017-02-14T06:28:44.138Z] GhostDriver - Main - running on port 12788
[INFO  - 2017-02-14T06:28:44.226Z] Session [d5722ed0-f27e-11e6-9705-0d7c59aeb3f0] - page.settings - {"XSSAuditingEnabled":false,"javascriptCanCloseWindows":true,"javascriptCanOpenWindows":true,"javascriptEnabled":true,"loadImages":true,"localToRemoteUrlAccessEnabled":false,"userAgent":"Mozilla/5.0 (Unknown; Linux x86_64) AppleWebKit/538.1 (KHTML, like Gecko) PhantomJS/2.1.1 Safari/538.1","webSecurityEnabled":true}
[INFO  - 2017-02-14T06:28:44.227Z] Session [d5722ed0-f27e-11e6-9705-0d7c59aeb3f0] - page.customHeaders:  - {}
[INFO  - 2017-02-14T06:28:44.227Z] Session [d5722ed0-f27e-11e6-9705-0d7c59aeb3f0] - Session.negotiatedCapabilities - {"browserName":"phantomjs","version":"2.1.1","driverName":"ghostdriver","driverVersion":"1.2.0","platform":"linux-unknown-64bit","javascriptEnabled":true,"takesScreenshot":true,"handlesAlerts":false,"databaseEnabled":false,"locationContextEnabled":false,"applicationCacheEnabled":false,"browserConnectionEnabled":false,"cssSelectorsEnabled":true,"webStorageEnabled":false,"rotatable":false,"acceptSslCerts":false,"nativeEvents":true,"proxy":{"proxyType":"direct"}}
[INFO  - 2017-02-14T06:28:44.227Z] SessionManagerReqHand - _postNewSessionCommand - New Session Created: d5722ed0-f27e-11e6-9705-0d7c59aeb3f0
[INFO  - 2017-02-14T06:28:45.100Z] ShutdownReqHand - _handle - About to shutdown
]]></system-err>
</testsuite>
