<?xml version="1.0" encoding="UTF-8"?>
<testsuite name="com.feed.PersonalTest" tests="5" skipped="0" failures="1" errors="0" timestamp="2017-02-14T06:28:54" hostname="chan-ThinkPad-T440" time="7.808">
  <properties/>
  <testcase name="personalPageFeed" classname="com.feed.PersonalTest" time="1.451"/>
  <testcase name="personalPageTest" classname="com.feed.PersonalTest" time="2.022">
    <failure message="org.openqa.selenium.NoSuchElementException: $html이 제대로 호출되지 않았습니다.$&#10;For documentation on this error, please visit: http://seleniumhq.org/exceptions/no_such_element.html&#10;Build info: version: '2.53.1', revision: 'a36b8b1cd5757287168e54b817830adce9b0158d', time: '2016-06-30 19:26:09'&#10;System info: host: 'chan-ThinkPad-T440', ip: '127.0.1.1', os.name: 'Linux', os.arch: 'amd64', os.version: '4.4.0-59-generic', java.version: '1.8.0_111'&#10;Driver info: driver.version: unknown" type="org.openqa.selenium.NoSuchElementException">org.openqa.selenium.NoSuchElementException: $html이 제대로 호출되지 않았습니다.$
For documentation on this error, please visit: http://seleniumhq.org/exceptions/no_such_element.html
Build info: version: '2.53.1', revision: 'a36b8b1cd5757287168e54b817830adce9b0158d', time: '2016-06-30 19:26:09'
System info: host: 'chan-ThinkPad-T440', ip: '127.0.1.1', os.name: 'Linux', os.arch: 'amd64', os.version: '4.4.0-59-generic', java.version: '1.8.0_111'
Driver info: driver.version: unknown
	at com.feed.PersonalTest.personalPageTest(PersonalTest.java:137)
	at sun.reflect.NativeMethodAccessorImpl.invoke0(Native Method)
	at sun.reflect.NativeMethodAccessorImpl.invoke(NativeMethodAccessorImpl.java:62)
	at sun.reflect.DelegatingMethodAccessorImpl.invoke(DelegatingMethodAccessorImpl.java:43)
	at java.lang.reflect.Method.invoke(Method.java:498)
	at org.junit.runners.model.FrameworkMethod$1.runReflectiveCall(FrameworkMethod.java:50)
	at org.junit.internal.runners.model.ReflectiveCallable.run(ReflectiveCallable.java:12)
	at org.junit.runners.model.FrameworkMethod.invokeExplosively(FrameworkMethod.java:47)
	at org.junit.internal.runners.statements.InvokeMethod.evaluate(InvokeMethod.java:17)
	at org.junit.internal.runners.statements.RunBefores.evaluate(RunBefores.java:26)
	at org.springframework.test.context.junit4.statements.RunBeforeTestMethodCallbacks.evaluate(RunBeforeTestMethodCallbacks.java:75)
	at org.junit.internal.runners.statements.RunAfters.evaluate(RunAfters.java:27)
	at org.springframework.test.context.junit4.statements.RunAfterTestMethodCallbacks.evaluate(RunAfterTestMethodCallbacks.java:86)
	at org.springframework.test.context.junit4.statements.SpringRepeat.evaluate(SpringRepeat.java:84)
	at org.junit.runners.ParentRunner.runLeaf(ParentRunner.java:325)
	at org.springframework.test.context.junit4.SpringJUnit4ClassRunner.runChild(SpringJUnit4ClassRunner.java:252)
	at org.springframework.test.context.junit4.SpringJUnit4ClassRunner.runChild(SpringJUnit4ClassRunner.java:94)
	at org.junit.runners.ParentRunner$3.run(ParentRunner.java:290)
	at org.junit.runners.ParentRunner$1.schedule(ParentRunner.java:71)
	at org.junit.runners.ParentRunner.runChildren(ParentRunner.java:288)
	at org.junit.runners.ParentRunner.access$000(ParentRunner.java:58)
	at org.junit.runners.ParentRunner$2.evaluate(ParentRunner.java:268)
	at org.springframework.test.context.junit4.statements.RunBeforeTestClassCallbacks.evaluate(RunBeforeTestClassCallbacks.java:61)
	at org.springframework.test.context.junit4.statements.RunAfterTestClassCallbacks.evaluate(RunAfterTestClassCallbacks.java:70)
	at org.junit.runners.ParentRunner.run(ParentRunner.java:363)
	at org.springframework.test.context.junit4.SpringJUnit4ClassRunner.run(SpringJUnit4ClassRunner.java:191)
	at org.gradle.api.internal.tasks.testing.junit.JUnitTestClassExecuter.runTestClass(JUnitTestClassExecuter.java:105)
	at org.gradle.api.internal.tasks.testing.junit.JUnitTestClassExecuter.execute(JUnitTestClassExecuter.java:56)
	at org.gradle.api.internal.tasks.testing.junit.JUnitTestClassProcessor.processTestClass(JUnitTestClassProcessor.java:64)
	at org.gradle.api.internal.tasks.testing.SuiteTestClassProcessor.processTestClass(SuiteTestClassProcessor.java:50)
	at sun.reflect.NativeMethodAccessorImpl.invoke0(Native Method)
	at sun.reflect.NativeMethodAccessorImpl.invoke(NativeMethodAccessorImpl.java:62)
	at sun.reflect.DelegatingMethodAccessorImpl.invoke(DelegatingMethodAccessorImpl.java:43)
	at java.lang.reflect.Method.invoke(Method.java:498)
	at org.gradle.messaging.dispatch.ReflectionDispatch.dispatch(ReflectionDispatch.java:35)
	at org.gradle.messaging.dispatch.ReflectionDispatch.dispatch(ReflectionDispatch.java:24)
	at org.gradle.messaging.dispatch.ContextClassLoaderDispatch.dispatch(ContextClassLoaderDispatch.java:32)
	at org.gradle.messaging.dispatch.ProxyDispatchAdapter$DispatchingInvocationHandler.invoke(ProxyDispatchAdapter.java:93)
	at com.sun.proxy.$Proxy2.processTestClass(Unknown Source)
	at org.gradle.api.internal.tasks.testing.worker.TestWorker.processTestClass(TestWorker.java:106)
	at sun.reflect.NativeMethodAccessorImpl.invoke0(Native Method)
	at sun.reflect.NativeMethodAccessorImpl.invoke(NativeMethodAccessorImpl.java:62)
	at sun.reflect.DelegatingMethodAccessorImpl.invoke(DelegatingMethodAccessorImpl.java:43)
	at java.lang.reflect.Method.invoke(Method.java:498)
	at org.gradle.messaging.dispatch.ReflectionDispatch.dispatch(ReflectionDispatch.java:35)
	at org.gradle.messaging.dispatch.ReflectionDispatch.dispatch(ReflectionDispatch.java:24)
	at org.gradle.messaging.remote.internal.hub.MessageHub$Handler.run(MessageHub.java:360)
	at org.gradle.internal.concurrent.ExecutorPolicy$CatchAndRecordFailures.onExecute(ExecutorPolicy.java:54)
	at org.gradle.internal.concurrent.StoppableExecutorImpl$1.run(StoppableExecutorImpl.java:40)
	at java.util.concurrent.ThreadPoolExecutor.runWorker(ThreadPoolExecutor.java:1142)
	at java.util.concurrent.ThreadPoolExecutor$Worker.run(ThreadPoolExecutor.java:617)
	at java.lang.Thread.run(Thread.java:745)
</failure>
  </testcase>
  <testcase name="personalPosting" classname="com.feed.PersonalTest" time="1.638"/>
  <testcase name="personalMoveToPageTest" classname="com.feed.PersonalTest" time="1.397"/>
  <testcase name="personalPageFollowMatching" classname="com.feed.PersonalTest" time="1.297"/>
  <system-out><![CDATA[2017-02-14 15:28:54.382  INFO 3877 --- [    Test worker] o.s.t.c.support.AbstractContextLoader    : Could not detect default resource locations for test class [com.feed.PersonalTest]: no resource found for suffixes {-context.xml, Context.groovy}.
2017-02-14 15:28:54.385  INFO 3877 --- [    Test worker] WebAppIntegrationTestContextBootstrapper : Loaded default TestExecutionListener class names from location [META-INF/spring.factories]: [org.springframework.boot.test.mock.mockito.MockitoTestExecutionListener, org.springframework.boot.test.mock.mockito.ResetMocksTestExecutionListener, org.springframework.boot.test.autoconfigure.restdocs.RestDocsTestExecutionListener, org.springframework.boot.test.autoconfigure.web.client.MockRestServiceServerResetTestExecutionListener, org.springframework.boot.test.autoconfigure.web.servlet.MockMvcPrintOnlyOnFailureTestExecutionListener, org.springframework.boot.test.autoconfigure.web.servlet.WebDriverTestExecutionListener, org.springframework.test.context.web.ServletTestExecutionListener, org.springframework.test.context.support.DirtiesContextBeforeModesTestExecutionListener, org.springframework.test.context.support.DependencyInjectionTestExecutionListener, org.springframework.test.context.support.DirtiesContextTestExecutionListener, org.springframework.test.context.transaction.TransactionalTestExecutionListener, org.springframework.test.context.jdbc.SqlScriptsTestExecutionListener]
2017-02-14 15:28:54.385  INFO 3877 --- [    Test worker] WebAppIntegrationTestContextBootstrapper : Using TestExecutionListeners: [org.springframework.test.context.web.ServletTestExecutionListener@5e495f7b, org.springframework.test.context.support.DirtiesContextBeforeModesTestExecutionListener@795f56bf, org.springframework.test.context.support.DependencyInjectionTestExecutionListener@394f3fa8, org.springframework.test.context.support.DirtiesContextTestExecutionListener@28d1831, org.springframework.test.context.transaction.TransactionalTestExecutionListener@162b3d9c, org.springframework.test.context.jdbc.SqlScriptsTestExecutionListener@15c26b48, org.springframework.boot.test.mock.mockito.ResetMocksTestExecutionListener@55b0b427, org.springframework.boot.test.autoconfigure.web.client.MockRestServiceServerResetTestExecutionListener@3f166230, org.springframework.boot.test.autoconfigure.restdocs.RestDocsTestExecutionListener@701e6f93, org.springframework.boot.test.autoconfigure.web.servlet.MockMvcPrintOnlyOnFailureTestExecutionListener@7600d2f3, org.springframework.boot.test.autoconfigure.web.servlet.WebDriverTestExecutionListener@26c15198, org.springframework.boot.test.mock.mockito.MockitoTestExecutionListener@2acab092]
/media/chan/EECE76F1CE76B207/Users/user/IdeaProjects/SpringFeed
2017-02-14 15:28:54.397  INFO 3877 --- [    Test worker] o.o.s.phantomjs.PhantomJSDriverService   : executable: /media/chan/EECE76F1CE76B207/Users/user/IdeaProjects/SpringFeed/src/test/resources/phantomjs-2.1.1-linux-x86_64/bin/phantomjs
2017-02-14 15:28:54.397  INFO 3877 --- [    Test worker] o.o.s.phantomjs.PhantomJSDriverService   : port: 18207
2017-02-14 15:28:54.397  INFO 3877 --- [    Test worker] o.o.s.phantomjs.PhantomJSDriverService   : arguments: [--webdriver=18207, --webdriver-logfile=/media/chan/EECE76F1CE76B207/Users/user/IdeaProjects/SpringFeed/phantomjsdriver.log]
2017-02-14 15:28:54.397  INFO 3877 --- [    Test worker] o.o.s.phantomjs.PhantomJSDriverService   : environment: {}
Hibernate: select user0_.user_id as user_id1_2_, user0_.follower as follower2_2_, user0_.following as followin3_2_, user0_.is_enabled as is_enabl4_2_, user0_.password as password5_2_, user0_.posting as posting6_2_ from user user0_ where user0_.user_id=?
Hibernate: select user0_.user_id as user_id1_2_0_, user0_.follower as follower2_2_0_, user0_.following as followin3_2_0_, user0_.is_enabled as is_enabl4_2_0_, user0_.password as password5_2_0_, user0_.posting as posting6_2_0_ from user user0_ where user0_.user_id=?
Hibernate: update user set follower=?, following=?, is_enabled=?, password=?, posting=? where user_id=?
Hibernate: select post0_.id as id1_1_, post0_.content as content2_1_, post0_.user_id as user_id3_1_ from post post0_ order by post0_.id desc
Hibernate: select user0_.user_id as user_id1_2_, user0_.follower as follower2_2_, user0_.following as followin3_2_, user0_.is_enabled as is_enabl4_2_, user0_.password as password5_2_, user0_.posting as posting6_2_ from user user0_ where user0_.user_id=?
Hibernate: select post0_.id as id1_1_, post0_.content as content2_1_, post0_.user_id as user_id3_1_ from post post0_ where post0_.user_id=?
Hibernate: select user0_.user_id as user_id1_2_0_, user0_.follower as follower2_2_0_, user0_.following as followin3_2_0_, user0_.is_enabled as is_enabl4_2_0_, user0_.password as password5_2_0_, user0_.posting as posting6_2_0_ from user user0_ where user0_.user_id=?
Hibernate: select post0_.id as id1_1_, post0_.content as content2_1_, post0_.user_id as user_id3_1_ from post post0_ order by post0_.id desc
/media/chan/EECE76F1CE76B207/Users/user/IdeaProjects/SpringFeed
2017-02-14 15:28:55.845  INFO 3877 --- [    Test worker] o.o.s.phantomjs.PhantomJSDriverService   : executable: /media/chan/EECE76F1CE76B207/Users/user/IdeaProjects/SpringFeed/src/test/resources/phantomjs-2.1.1-linux-x86_64/bin/phantomjs
2017-02-14 15:28:55.845  INFO 3877 --- [    Test worker] o.o.s.phantomjs.PhantomJSDriverService   : port: 26448
2017-02-14 15:28:55.845  INFO 3877 --- [    Test worker] o.o.s.phantomjs.PhantomJSDriverService   : arguments: [--webdriver=26448, --webdriver-logfile=/media/chan/EECE76F1CE76B207/Users/user/IdeaProjects/SpringFeed/phantomjsdriver.log]
2017-02-14 15:28:55.845  INFO 3877 --- [    Test worker] o.o.s.phantomjs.PhantomJSDriverService   : environment: {}
Hibernate: select user0_.user_id as user_id1_2_, user0_.follower as follower2_2_, user0_.following as followin3_2_, user0_.is_enabled as is_enabl4_2_, user0_.password as password5_2_, user0_.posting as posting6_2_ from user user0_ where user0_.user_id=?
Hibernate: select user0_.user_id as user_id1_2_0_, user0_.follower as follower2_2_0_, user0_.following as followin3_2_0_, user0_.is_enabled as is_enabl4_2_0_, user0_.password as password5_2_0_, user0_.posting as posting6_2_0_ from user user0_ where user0_.user_id=?
Hibernate: update user set follower=?, following=?, is_enabled=?, password=?, posting=? where user_id=?
Hibernate: select post0_.id as id1_1_, post0_.content as content2_1_, post0_.user_id as user_id3_1_ from post post0_ order by post0_.id desc
Hibernate: select user0_.user_id as user_id1_2_, user0_.follower as follower2_2_, user0_.following as followin3_2_, user0_.is_enabled as is_enabl4_2_, user0_.password as password5_2_, user0_.posting as posting6_2_ from user user0_ where user0_.user_id=?
Hibernate: select post0_.id as id1_1_, post0_.content as content2_1_, post0_.user_id as user_id3_1_ from post post0_ where post0_.user_id=?
Hibernate: select follow0_.id as id1_0_, follow0_.follower as follower2_0_, follow0_.following as followin3_0_ from follow follow0_ where follow0_.follower=?
Hibernate: select post0_.id as id1_1_, post0_.content as content2_1_, post0_.user_id as user_id3_1_ from post post0_ where post0_.user_id=?
/media/chan/EECE76F1CE76B207/Users/user/IdeaProjects/SpringFeed
2017-02-14 15:28:57.868  INFO 3877 --- [    Test worker] o.o.s.phantomjs.PhantomJSDriverService   : executable: /media/chan/EECE76F1CE76B207/Users/user/IdeaProjects/SpringFeed/src/test/resources/phantomjs-2.1.1-linux-x86_64/bin/phantomjs
2017-02-14 15:28:57.868  INFO 3877 --- [    Test worker] o.o.s.phantomjs.PhantomJSDriverService   : port: 12968
2017-02-14 15:28:57.868  INFO 3877 --- [    Test worker] o.o.s.phantomjs.PhantomJSDriverService   : arguments: [--webdriver=12968, --webdriver-logfile=/media/chan/EECE76F1CE76B207/Users/user/IdeaProjects/SpringFeed/phantomjsdriver.log]
2017-02-14 15:28:57.868  INFO 3877 --- [    Test worker] o.o.s.phantomjs.PhantomJSDriverService   : environment: {}
Hibernate: select user0_.user_id as user_id1_2_, user0_.follower as follower2_2_, user0_.following as followin3_2_, user0_.is_enabled as is_enabl4_2_, user0_.password as password5_2_, user0_.posting as posting6_2_ from user user0_ where user0_.user_id=?
Hibernate: select user0_.user_id as user_id1_2_0_, user0_.follower as follower2_2_0_, user0_.following as followin3_2_0_, user0_.is_enabled as is_enabl4_2_0_, user0_.password as password5_2_0_, user0_.posting as posting6_2_0_ from user user0_ where user0_.user_id=?
Hibernate: update user set follower=?, following=?, is_enabled=?, password=?, posting=? where user_id=?
Hibernate: select post0_.id as id1_1_, post0_.content as content2_1_, post0_.user_id as user_id3_1_ from post post0_ order by post0_.id desc
Hibernate: select user0_.user_id as user_id1_2_, user0_.follower as follower2_2_, user0_.following as followin3_2_, user0_.is_enabled as is_enabl4_2_, user0_.password as password5_2_, user0_.posting as posting6_2_ from user user0_ where user0_.user_id=?
Hibernate: select post0_.id as id1_1_, post0_.content as content2_1_, post0_.user_id as user_id3_1_ from post post0_ where post0_.user_id=?
/media/chan/EECE76F1CE76B207/Users/user/IdeaProjects/SpringFeed
2017-02-14 15:28:59.507  INFO 3877 --- [    Test worker] o.o.s.phantomjs.PhantomJSDriverService   : executable: /media/chan/EECE76F1CE76B207/Users/user/IdeaProjects/SpringFeed/src/test/resources/phantomjs-2.1.1-linux-x86_64/bin/phantomjs
2017-02-14 15:28:59.508  INFO 3877 --- [    Test worker] o.o.s.phantomjs.PhantomJSDriverService   : port: 8850
2017-02-14 15:28:59.508  INFO 3877 --- [    Test worker] o.o.s.phantomjs.PhantomJSDriverService   : arguments: [--webdriver=8850, --webdriver-logfile=/media/chan/EECE76F1CE76B207/Users/user/IdeaProjects/SpringFeed/phantomjsdriver.log]
2017-02-14 15:28:59.508  INFO 3877 --- [    Test worker] o.o.s.phantomjs.PhantomJSDriverService   : environment: {}
Hibernate: select user0_.user_id as user_id1_2_, user0_.follower as follower2_2_, user0_.following as followin3_2_, user0_.is_enabled as is_enabl4_2_, user0_.password as password5_2_, user0_.posting as posting6_2_ from user user0_ where user0_.user_id=?
Hibernate: select user0_.user_id as user_id1_2_0_, user0_.follower as follower2_2_0_, user0_.following as followin3_2_0_, user0_.is_enabled as is_enabl4_2_0_, user0_.password as password5_2_0_, user0_.posting as posting6_2_0_ from user user0_ where user0_.user_id=?
Hibernate: update user set follower=?, following=?, is_enabled=?, password=?, posting=? where user_id=?
Hibernate: select post0_.id as id1_1_, post0_.content as content2_1_, post0_.user_id as user_id3_1_ from post post0_ order by post0_.id desc
Hibernate: select user0_.user_id as user_id1_2_, user0_.follower as follower2_2_, user0_.following as followin3_2_, user0_.is_enabled as is_enabl4_2_, user0_.password as password5_2_, user0_.posting as posting6_2_ from user user0_ where user0_.user_id=?
Hibernate: select post0_.id as id1_1_, post0_.content as content2_1_, post0_.user_id as user_id3_1_ from post post0_ where post0_.user_id=?
/media/chan/EECE76F1CE76B207/Users/user/IdeaProjects/SpringFeed
2017-02-14 15:29:00.904  INFO 3877 --- [    Test worker] o.o.s.phantomjs.PhantomJSDriverService   : executable: /media/chan/EECE76F1CE76B207/Users/user/IdeaProjects/SpringFeed/src/test/resources/phantomjs-2.1.1-linux-x86_64/bin/phantomjs
2017-02-14 15:29:00.904  INFO 3877 --- [    Test worker] o.o.s.phantomjs.PhantomJSDriverService   : port: 12698
2017-02-14 15:29:00.904  INFO 3877 --- [    Test worker] o.o.s.phantomjs.PhantomJSDriverService   : arguments: [--webdriver=12698, --webdriver-logfile=/media/chan/EECE76F1CE76B207/Users/user/IdeaProjects/SpringFeed/phantomjsdriver.log]
2017-02-14 15:29:00.904  INFO 3877 --- [    Test worker] o.o.s.phantomjs.PhantomJSDriverService   : environment: {}
Hibernate: select user0_.user_id as user_id1_2_, user0_.follower as follower2_2_, user0_.following as followin3_2_, user0_.is_enabled as is_enabl4_2_, user0_.password as password5_2_, user0_.posting as posting6_2_ from user user0_ where user0_.user_id=?
Hibernate: select user0_.user_id as user_id1_2_0_, user0_.follower as follower2_2_0_, user0_.following as followin3_2_0_, user0_.is_enabled as is_enabl4_2_0_, user0_.password as password5_2_0_, user0_.posting as posting6_2_0_ from user user0_ where user0_.user_id=?
Hibernate: update user set follower=?, following=?, is_enabled=?, password=?, posting=? where user_id=?
Hibernate: select post0_.id as id1_1_, post0_.content as content2_1_, post0_.user_id as user_id3_1_ from post post0_ order by post0_.id desc
Hibernate: select user0_.user_id as user_id1_2_, user0_.follower as follower2_2_, user0_.following as followin3_2_, user0_.is_enabled as is_enabl4_2_, user0_.password as password5_2_, user0_.posting as posting6_2_ from user user0_ where user0_.user_id=?
Hibernate: select post0_.id as id1_1_, post0_.content as content2_1_, post0_.user_id as user_id3_1_ from post post0_ where post0_.user_id=?
]]></system-out>
  <system-err><![CDATA[[INFO  - 2017-02-14T06:28:54.478Z] GhostDriver - Main - running on port 18207
[INFO  - 2017-02-14T06:28:54.564Z] Session [db9ba2f0-f27e-11e6-a7c1-43e50159dac1] - page.settings - {"XSSAuditingEnabled":false,"javascriptCanCloseWindows":true,"javascriptCanOpenWindows":true,"javascriptEnabled":true,"loadImages":true,"localToRemoteUrlAccessEnabled":false,"userAgent":"Mozilla/5.0 (Unknown; Linux x86_64) AppleWebKit/538.1 (KHTML, like Gecko) PhantomJS/2.1.1 Safari/538.1","webSecurityEnabled":true}
[INFO  - 2017-02-14T06:28:54.564Z] Session [db9ba2f0-f27e-11e6-a7c1-43e50159dac1] - page.customHeaders:  - {}
[INFO  - 2017-02-14T06:28:54.565Z] Session [db9ba2f0-f27e-11e6-a7c1-43e50159dac1] - Session.negotiatedCapabilities - {"browserName":"phantomjs","version":"2.1.1","driverName":"ghostdriver","driverVersion":"1.2.0","platform":"linux-unknown-64bit","javascriptEnabled":true,"takesScreenshot":true,"handlesAlerts":false,"databaseEnabled":false,"locationContextEnabled":false,"applicationCacheEnabled":false,"browserConnectionEnabled":false,"cssSelectorsEnabled":true,"webStorageEnabled":false,"rotatable":false,"acceptSslCerts":false,"nativeEvents":true,"proxy":{"proxyType":"direct"}}
[INFO  - 2017-02-14T06:28:54.565Z] SessionManagerReqHand - _postNewSessionCommand - New Session Created: db9ba2f0-f27e-11e6-a7c1-43e50159dac1
[INFO  - 2017-02-14T06:28:55.770Z] ShutdownReqHand - _handle - About to shutdown
[INFO  - 2017-02-14T06:28:55.924Z] GhostDriver - Main - running on port 26448
[INFO  - 2017-02-14T06:28:56.006Z] Session [dc77f930-f27e-11e6-835c-df778b2c486f] - page.settings - {"XSSAuditingEnabled":false,"javascriptCanCloseWindows":true,"javascriptCanOpenWindows":true,"javascriptEnabled":true,"loadImages":true,"localToRemoteUrlAccessEnabled":false,"userAgent":"Mozilla/5.0 (Unknown; Linux x86_64) AppleWebKit/538.1 (KHTML, like Gecko) PhantomJS/2.1.1 Safari/538.1","webSecurityEnabled":true}
[INFO  - 2017-02-14T06:28:56.006Z] Session [dc77f930-f27e-11e6-835c-df778b2c486f] - page.customHeaders:  - {}
[INFO  - 2017-02-14T06:28:56.006Z] Session [dc77f930-f27e-11e6-835c-df778b2c486f] - Session.negotiatedCapabilities - {"browserName":"phantomjs","version":"2.1.1","driverName":"ghostdriver","driverVersion":"1.2.0","platform":"linux-unknown-64bit","javascriptEnabled":true,"takesScreenshot":true,"handlesAlerts":false,"databaseEnabled":false,"locationContextEnabled":false,"applicationCacheEnabled":false,"browserConnectionEnabled":false,"cssSelectorsEnabled":true,"webStorageEnabled":false,"rotatable":false,"acceptSslCerts":false,"nativeEvents":true,"proxy":{"proxyType":"direct"}}
[INFO  - 2017-02-14T06:28:56.006Z] SessionManagerReqHand - _postNewSessionCommand - New Session Created: dc77f930-f27e-11e6-835c-df778b2c486f
[ERROR - 2017-02-14T06:28:57.025Z] WebElementLocator - _handleLocateCommand - Element(s) NOT Found: GAVE UP. Search Stop Time: 1487053737012

  phantomjs://platform/console++.js:263 in error
[INFO  - 2017-02-14T06:28:57.844Z] ShutdownReqHand - _handle - About to shutdown
[INFO  - 2017-02-14T06:28:57.957Z] GhostDriver - Main - running on port 12968
[INFO  - 2017-02-14T06:28:58.040Z] Session [ddae5650-f27e-11e6-9a52-97d7e0b62509] - page.settings - {"XSSAuditingEnabled":false,"javascriptCanCloseWindows":true,"javascriptCanOpenWindows":true,"javascriptEnabled":true,"loadImages":true,"localToRemoteUrlAccessEnabled":false,"userAgent":"Mozilla/5.0 (Unknown; Linux x86_64) AppleWebKit/538.1 (KHTML, like Gecko) PhantomJS/2.1.1 Safari/538.1","webSecurityEnabled":true}
[INFO  - 2017-02-14T06:28:58.040Z] Session [ddae5650-f27e-11e6-9a52-97d7e0b62509] - page.customHeaders:  - {}
[INFO  - 2017-02-14T06:28:58.040Z] Session [ddae5650-f27e-11e6-9a52-97d7e0b62509] - Session.negotiatedCapabilities - {"browserName":"phantomjs","version":"2.1.1","driverName":"ghostdriver","driverVersion":"1.2.0","platform":"linux-unknown-64bit","javascriptEnabled":true,"takesScreenshot":true,"handlesAlerts":false,"databaseEnabled":false,"locationContextEnabled":false,"applicationCacheEnabled":false,"browserConnectionEnabled":false,"cssSelectorsEnabled":true,"webStorageEnabled":false,"rotatable":false,"acceptSslCerts":false,"nativeEvents":true,"proxy":{"proxyType":"direct"}}
[INFO  - 2017-02-14T06:28:58.040Z] SessionManagerReqHand - _postNewSessionCommand - New Session Created: ddae5650-f27e-11e6-9a52-97d7e0b62509
[INFO  - 2017-02-14T06:28:59.483Z] ShutdownReqHand - _handle - About to shutdown
[INFO  - 2017-02-14T06:28:59.606Z] GhostDriver - Main - running on port 8850
[INFO  - 2017-02-14T06:28:59.685Z] Session [dea95820-f27e-11e6-9b00-3d896982ae52] - page.settings - {"XSSAuditingEnabled":false,"javascriptCanCloseWindows":true,"javascriptCanOpenWindows":true,"javascriptEnabled":true,"loadImages":true,"localToRemoteUrlAccessEnabled":false,"userAgent":"Mozilla/5.0 (Unknown; Linux x86_64) AppleWebKit/538.1 (KHTML, like Gecko) PhantomJS/2.1.1 Safari/538.1","webSecurityEnabled":true}
[INFO  - 2017-02-14T06:28:59.685Z] Session [dea95820-f27e-11e6-9b00-3d896982ae52] - page.customHeaders:  - {}
[INFO  - 2017-02-14T06:28:59.685Z] Session [dea95820-f27e-11e6-9b00-3d896982ae52] - Session.negotiatedCapabilities - {"browserName":"phantomjs","version":"2.1.1","driverName":"ghostdriver","driverVersion":"1.2.0","platform":"linux-unknown-64bit","javascriptEnabled":true,"takesScreenshot":true,"handlesAlerts":false,"databaseEnabled":false,"locationContextEnabled":false,"applicationCacheEnabled":false,"browserConnectionEnabled":false,"cssSelectorsEnabled":true,"webStorageEnabled":false,"rotatable":false,"acceptSslCerts":false,"nativeEvents":true,"proxy":{"proxyType":"direct"}}
[INFO  - 2017-02-14T06:28:59.686Z] SessionManagerReqHand - _postNewSessionCommand - New Session Created: dea95820-f27e-11e6-9b00-3d896982ae52
[INFO  - 2017-02-14T06:29:00.881Z] ShutdownReqHand - _handle - About to shutdown
[INFO  - 2017-02-14T06:29:00.983Z] GhostDriver - Main - running on port 12698
[INFO  - 2017-02-14T06:29:01.066Z] Session [df7c1170-f27e-11e6-9ce8-af9fc81021f3] - page.settings - {"XSSAuditingEnabled":false,"javascriptCanCloseWindows":true,"javascriptCanOpenWindows":true,"javascriptEnabled":true,"loadImages":true,"localToRemoteUrlAccessEnabled":false,"userAgent":"Mozilla/5.0 (Unknown; Linux x86_64) AppleWebKit/538.1 (KHTML, like Gecko) PhantomJS/2.1.1 Safari/538.1","webSecurityEnabled":true}
[INFO  - 2017-02-14T06:29:01.066Z] Session [df7c1170-f27e-11e6-9ce8-af9fc81021f3] - page.customHeaders:  - {}
[INFO  - 2017-02-14T06:29:01.066Z] Session [df7c1170-f27e-11e6-9ce8-af9fc81021f3] - Session.negotiatedCapabilities - {"browserName":"phantomjs","version":"2.1.1","driverName":"ghostdriver","driverVersion":"1.2.0","platform":"linux-unknown-64bit","javascriptEnabled":true,"takesScreenshot":true,"handlesAlerts":false,"databaseEnabled":false,"locationContextEnabled":false,"applicationCacheEnabled":false,"browserConnectionEnabled":false,"cssSelectorsEnabled":true,"webStorageEnabled":false,"rotatable":false,"acceptSslCerts":false,"nativeEvents":true,"proxy":{"proxyType":"direct"}}
[INFO  - 2017-02-14T06:29:01.066Z] SessionManagerReqHand - _postNewSessionCommand - New Session Created: df7c1170-f27e-11e6-9ce8-af9fc81021f3
[INFO  - 2017-02-14T06:29:02.178Z] ShutdownReqHand - _handle - About to shutdown
]]></system-err>
</testsuite>
