<?xml version="1.0" encoding="UTF-8"?>
<testsuite name="com.feed.FeedTest" tests="4" skipped="0" failures="1" errors="0" timestamp="2017-02-14T06:28:28" hostname="chan-ThinkPad-T440" time="8.513">
  <properties/>
  <testcase name="feedPost" classname="com.feed.FeedTest" time="4.16">
    <failure message="java.lang.AssertionError: $글이 작성 되지 않았습니다.$ expected:&lt;1&gt; but was:&lt;0&gt;" type="java.lang.AssertionError">java.lang.AssertionError: $글이 작성 되지 않았습니다.$ expected:&lt;1&gt; but was:&lt;0&gt;
	at org.junit.Assert.fail(Assert.java:88)
	at org.junit.Assert.failNotEquals(Assert.java:834)
	at org.junit.Assert.assertEquals(Assert.java:645)
	at com.feed.FeedTest.feedPost(FeedTest.java:151)
	at sun.reflect.NativeMethodAccessorImpl.invoke0(Native Method)
	at sun.reflect.NativeMethodAccessorImpl.invoke(NativeMethodAccessorImpl.java:62)
	at sun.reflect.DelegatingMethodAccessorImpl.invoke(DelegatingMethodAccessorImpl.java:43)
	at java.lang.reflect.Method.invoke(Method.java:498)
	at org.junit.runners.model.FrameworkMethod$1.runReflectiveCall(FrameworkMethod.java:50)
	at org.junit.internal.runners.model.ReflectiveCallable.run(ReflectiveCallable.java:12)
	at org.junit.runners.model.FrameworkMethod.invokeExplosively(FrameworkMethod.java:47)
	at org.junit.internal.runners.statements.InvokeMethod.evaluate(InvokeMethod.java:17)
	at org.junit.internal.runners.statements.RunBefores.evaluate(RunBefores.java:26)
	at org.springframework.test.context.junit4.statements.RunBeforeTestMethodCallbacks.evaluate(RunBeforeTestMethodCallbacks.java:75)
	at org.springframework.test.context.junit4.statements.RunAfterTestMethodCallbacks.evaluate(RunAfterTestMethodCallbacks.java:86)
	at org.springframework.test.context.junit4.statements.SpringRepeat.evaluate(SpringRepeat.java:84)
	at org.junit.runners.ParentRunner.runLeaf(ParentRunner.java:325)
	at org.springframework.test.context.junit4.SpringJUnit4ClassRunner.runChild(SpringJUnit4ClassRunner.java:252)
	at org.springframework.test.context.junit4.SpringJUnit4ClassRunner.runChild(SpringJUnit4ClassRunner.java:94)
	at org.junit.runners.ParentRunner$3.run(ParentRunner.java:290)
	at org.junit.runners.ParentRunner$1.schedule(ParentRunner.java:71)
	at org.junit.runners.ParentRunner.runChildren(ParentRunner.java:288)
	at org.junit.runners.ParentRunner.access$000(ParentRunner.java:58)
	at org.junit.runners.ParentRunner$2.evaluate(ParentRunner.java:268)
	at org.springframework.test.context.junit4.statements.RunBeforeTestClassCallbacks.evaluate(RunBeforeTestClassCallbacks.java:61)
	at org.springframework.test.context.junit4.statements.RunAfterTestClassCallbacks.evaluate(RunAfterTestClassCallbacks.java:70)
	at org.junit.runners.ParentRunner.run(ParentRunner.java:363)
	at org.springframework.test.context.junit4.SpringJUnit4ClassRunner.run(SpringJUnit4ClassRunner.java:191)
	at org.gradle.api.internal.tasks.testing.junit.JUnitTestClassExecuter.runTestClass(JUnitTestClassExecuter.java:105)
	at org.gradle.api.internal.tasks.testing.junit.JUnitTestClassExecuter.execute(JUnitTestClassExecuter.java:56)
	at org.gradle.api.internal.tasks.testing.junit.JUnitTestClassProcessor.processTestClass(JUnitTestClassProcessor.java:64)
	at org.gradle.api.internal.tasks.testing.SuiteTestClassProcessor.processTestClass(SuiteTestClassProcessor.java:50)
	at sun.reflect.NativeMethodAccessorImpl.invoke0(Native Method)
	at sun.reflect.NativeMethodAccessorImpl.invoke(NativeMethodAccessorImpl.java:62)
	at sun.reflect.DelegatingMethodAccessorImpl.invoke(DelegatingMethodAccessorImpl.java:43)
	at java.lang.reflect.Method.invoke(Method.java:498)
	at org.gradle.messaging.dispatch.ReflectionDispatch.dispatch(ReflectionDispatch.java:35)
	at org.gradle.messaging.dispatch.ReflectionDispatch.dispatch(ReflectionDispatch.java:24)
	at org.gradle.messaging.dispatch.ContextClassLoaderDispatch.dispatch(ContextClassLoaderDispatch.java:32)
	at org.gradle.messaging.dispatch.ProxyDispatchAdapter$DispatchingInvocationHandler.invoke(ProxyDispatchAdapter.java:93)
	at com.sun.proxy.$Proxy2.processTestClass(Unknown Source)
	at org.gradle.api.internal.tasks.testing.worker.TestWorker.processTestClass(TestWorker.java:106)
	at sun.reflect.NativeMethodAccessorImpl.invoke0(Native Method)
	at sun.reflect.NativeMethodAccessorImpl.invoke(NativeMethodAccessorImpl.java:62)
	at sun.reflect.DelegatingMethodAccessorImpl.invoke(DelegatingMethodAccessorImpl.java:43)
	at java.lang.reflect.Method.invoke(Method.java:498)
	at org.gradle.messaging.dispatch.ReflectionDispatch.dispatch(ReflectionDispatch.java:35)
	at org.gradle.messaging.dispatch.ReflectionDispatch.dispatch(ReflectionDispatch.java:24)
	at org.gradle.messaging.remote.internal.hub.MessageHub$Handler.run(MessageHub.java:360)
	at org.gradle.internal.concurrent.ExecutorPolicy$CatchAndRecordFailures.onExecute(ExecutorPolicy.java:54)
	at org.gradle.internal.concurrent.StoppableExecutorImpl$1.run(StoppableExecutorImpl.java:40)
	at java.util.concurrent.ThreadPoolExecutor.runWorker(ThreadPoolExecutor.java:1142)
	at java.util.concurrent.ThreadPoolExecutor$Worker.run(ThreadPoolExecutor.java:617)
	at java.lang.Thread.run(Thread.java:745)
</failure>
  </testcase>
  <testcase name="feedLogout" classname="com.feed.FeedTest" time="1.231"/>
  <testcase name="feedPosting" classname="com.feed.FeedTest" time="1.817"/>
  <testcase name="feedLogOutBtn" classname="com.feed.FeedTest" time="1.302"/>
  <system-out><![CDATA[15:28:18.166 [Test worker] DEBUG org.springframework.test.context.junit4.SpringJUnit4ClassRunner - SpringJUnit4ClassRunner constructor called with [class com.feed.FeedTest]
15:28:18.175 [Test worker] DEBUG org.springframework.test.context.BootstrapUtils - Instantiating CacheAwareContextLoaderDelegate from class [org.springframework.test.context.cache.DefaultCacheAwareContextLoaderDelegate]
15:28:18.185 [Test worker] DEBUG org.springframework.test.context.BootstrapUtils - Instantiating BootstrapContext using constructor [public org.springframework.test.context.support.DefaultBootstrapContext(java.lang.Class,org.springframework.test.context.CacheAwareContextLoaderDelegate)]
15:28:18.199 [Test worker] DEBUG org.springframework.test.context.BootstrapUtils - Instantiating TestContextBootstrapper for test class [com.feed.FeedTest] from class [org.springframework.boot.test.WebAppIntegrationTestContextBootstrapper]
15:28:18.226 [Test worker] DEBUG org.springframework.boot.test.WebAppIntegrationTestContextBootstrapper - Found explicit ContextLoader class [org.springframework.boot.test.SpringApplicationContextLoader] for context configuration attributes [ContextConfigurationAttributes@188abf55 declaringClass = 'com.feed.FeedTest', classes = '{class com.feed.AppConfig}', locations = '{}', inheritLocations = true, initializers = '{}', inheritInitializers = true, name = [null], contextLoaderClass = 'org.springframework.boot.test.SpringApplicationContextLoader']
15:28:18.241 [Test worker] DEBUG org.springframework.test.context.support.AbstractContextLoader - Did not detect default resource location for test class [com.feed.FeedTest]: class path resource [com/feed/FeedTest-context.xml] does not exist
15:28:18.241 [Test worker] DEBUG org.springframework.test.context.support.AbstractContextLoader - Did not detect default resource location for test class [com.feed.FeedTest]: class path resource [com/feed/FeedTestContext.groovy] does not exist
15:28:18.241 [Test worker] INFO org.springframework.test.context.support.AbstractContextLoader - Could not detect default resource locations for test class [com.feed.FeedTest]: no resource found for suffixes {-context.xml, Context.groovy}.
15:28:18.284 [Test worker] DEBUG org.springframework.test.context.support.ActiveProfilesUtils - Could not find an 'annotation declaring class' for annotation type [org.springframework.test.context.ActiveProfiles] and class [com.feed.FeedTest]
15:28:18.289 [Test worker] DEBUG org.springframework.test.util.ReflectionTestUtils - Setting field 'propertySourceProperties' of type [null] on target object [[WebMergedContextConfiguration@23b86c84 testClass = FeedTest, locations = '{}', classes = '{class com.feed.AppConfig}', contextInitializerClasses = '[]', activeProfiles = '{}', propertySourceLocations = '{}', propertySourceProperties = '{}', contextCustomizers = set[org.springframework.boot.test.context.filter.ExcludeFilterContextCustomizer@3ae554ad, org.springframework.boot.test.mock.mockito.MockitoContextCustomizer@0, org.springframework.boot.test.autoconfigure.properties.PropertyMappingContextCustomizer@0, org.springframework.boot.test.autoconfigure.web.servlet.WebDriverContextCustomizerFactory$Customizer@496dcfd2], resourceBasePath = '', contextLoader = 'org.springframework.boot.test.SpringApplicationContextLoader', parent = [null]]] or target class [class org.springframework.test.context.web.WebMergedContextConfiguration] to value [[Ljava.lang.String;@66d6fbc9]
15:28:18.291 [Test worker] DEBUG org.springframework.boot.test.WebAppIntegrationTestContextBootstrapper - @TestExecutionListeners is not present for class [com.feed.FeedTest]: using defaults.
15:28:18.297 [Test worker] INFO org.springframework.boot.test.WebAppIntegrationTestContextBootstrapper - Loaded default TestExecutionListener class names from location [META-INF/spring.factories]: [org.springframework.boot.test.mock.mockito.MockitoTestExecutionListener, org.springframework.boot.test.mock.mockito.ResetMocksTestExecutionListener, org.springframework.boot.test.autoconfigure.restdocs.RestDocsTestExecutionListener, org.springframework.boot.test.autoconfigure.web.client.MockRestServiceServerResetTestExecutionListener, org.springframework.boot.test.autoconfigure.web.servlet.MockMvcPrintOnlyOnFailureTestExecutionListener, org.springframework.boot.test.autoconfigure.web.servlet.WebDriverTestExecutionListener, org.springframework.test.context.web.ServletTestExecutionListener, org.springframework.test.context.support.DirtiesContextBeforeModesTestExecutionListener, org.springframework.test.context.support.DependencyInjectionTestExecutionListener, org.springframework.test.context.support.DirtiesContextTestExecutionListener, org.springframework.test.context.transaction.TransactionalTestExecutionListener, org.springframework.test.context.jdbc.SqlScriptsTestExecutionListener]
15:28:18.324 [Test worker] INFO org.springframework.boot.test.WebAppIntegrationTestContextBootstrapper - Using TestExecutionListeners: [org.springframework.test.context.web.ServletTestExecutionListener@33d7f411, org.springframework.test.context.support.DirtiesContextBeforeModesTestExecutionListener@611e9e0c, org.springframework.test.context.support.DependencyInjectionTestExecutionListener@4b4b789e, org.springframework.test.context.support.DirtiesContextTestExecutionListener@62da150a, org.springframework.test.context.transaction.TransactionalTestExecutionListener@6e21023c, org.springframework.test.context.jdbc.SqlScriptsTestExecutionListener@7bda1f0a, org.springframework.boot.test.mock.mockito.ResetMocksTestExecutionListener@6bc51767, org.springframework.boot.test.autoconfigure.web.client.MockRestServiceServerResetTestExecutionListener@59853d50, org.springframework.boot.test.autoconfigure.restdocs.RestDocsTestExecutionListener@3fd3f4be, org.springframework.boot.test.autoconfigure.web.servlet.MockMvcPrintOnlyOnFailureTestExecutionListener@145a8e01, org.springframework.boot.test.autoconfigure.web.servlet.WebDriverTestExecutionListener@57e7ddc2, org.springframework.boot.test.mock.mockito.MockitoTestExecutionListener@277815d3]
15:28:18.333 [Test worker] DEBUG org.springframework.test.annotation.ProfileValueUtils - Retrieved @ProfileValueSourceConfiguration [null] for test class [com.feed.FeedTest]
15:28:18.334 [Test worker] DEBUG org.springframework.test.annotation.ProfileValueUtils - Retrieved ProfileValueSource type [class org.springframework.test.annotation.SystemProfileValueSource] for class [com.feed.FeedTest]
15:28:18.335 [Test worker] DEBUG org.springframework.test.annotation.ProfileValueUtils - Retrieved @ProfileValueSourceConfiguration [null] for test class [com.feed.FeedTest]
15:28:18.335 [Test worker] DEBUG org.springframework.test.annotation.ProfileValueUtils - Retrieved ProfileValueSource type [class org.springframework.test.annotation.SystemProfileValueSource] for class [com.feed.FeedTest]
15:28:18.339 [Test worker] DEBUG org.springframework.test.context.support.AbstractDirtiesContextTestExecutionListener - Before test class: context [DefaultTestContext@2cfae7de testClass = FeedTest, testInstance = [null], testMethod = [null], testException = [null], mergedContextConfiguration = [WebMergedContextConfiguration@23b86c84 testClass = FeedTest, locations = '{}', classes = '{class com.feed.AppConfig}', contextInitializerClasses = '[]', activeProfiles = '{}', propertySourceLocations = '{}', propertySourceProperties = '{server.port:0, org.springframework.boot.test.WebIntegrationTest=true}', contextCustomizers = set[org.springframework.boot.test.context.filter.ExcludeFilterContextCustomizer@3ae554ad, org.springframework.boot.test.mock.mockito.MockitoContextCustomizer@0, org.springframework.boot.test.autoconfigure.properties.PropertyMappingContextCustomizer@0, org.springframework.boot.test.autoconfigure.web.servlet.WebDriverContextCustomizerFactory$Customizer@496dcfd2], resourceBasePath = '', contextLoader = 'org.springframework.boot.test.SpringApplicationContextLoader', parent = [null]]], class annotated with @DirtiesContext [false] with mode [null].
15:28:18.340 [Test worker] DEBUG org.springframework.test.annotation.ProfileValueUtils - Retrieved @ProfileValueSourceConfiguration [null] for test class [com.feed.FeedTest]
15:28:18.340 [Test worker] DEBUG org.springframework.test.annotation.ProfileValueUtils - Retrieved ProfileValueSource type [class org.springframework.test.annotation.SystemProfileValueSource] for class [com.feed.FeedTest]
15:28:18.342 [Test worker] DEBUG org.springframework.test.context.support.DependencyInjectionTestExecutionListener - Performing dependency injection for test context [[DefaultTestContext@2cfae7de testClass = FeedTest, testInstance = com.feed.FeedTest@566052f7, testMethod = [null], testException = [null], mergedContextConfiguration = [WebMergedContextConfiguration@23b86c84 testClass = FeedTest, locations = '{}', classes = '{class com.feed.AppConfig}', contextInitializerClasses = '[]', activeProfiles = '{}', propertySourceLocations = '{}', propertySourceProperties = '{server.port:0, org.springframework.boot.test.WebIntegrationTest=true}', contextCustomizers = set[org.springframework.boot.test.context.filter.ExcludeFilterContextCustomizer@3ae554ad, org.springframework.boot.test.mock.mockito.MockitoContextCustomizer@0, org.springframework.boot.test.autoconfigure.properties.PropertyMappingContextCustomizer@0, org.springframework.boot.test.autoconfigure.web.servlet.WebDriverContextCustomizerFactory$Customizer@496dcfd2], resourceBasePath = '', contextLoader = 'org.springframework.boot.test.SpringApplicationContextLoader', parent = [null]]]].
15:28:18.430 [Test worker] DEBUG org.springframework.core.env.StandardEnvironment - Adding [systemProperties] PropertySource with lowest search precedence
15:28:18.432 [Test worker] DEBUG org.springframework.core.env.StandardEnvironment - Adding [systemEnvironment] PropertySource with lowest search precedence
15:28:18.432 [Test worker] DEBUG org.springframework.core.env.StandardEnvironment - Initialized StandardEnvironment with PropertySources [systemProperties,systemEnvironment]
15:28:18.434 [Test worker] DEBUG org.springframework.core.env.StandardEnvironment - Adding [integrationTest] PropertySource with search precedence immediately lower than [systemEnvironment]

  .   ____          _            __ _ _
 /\\ / ___'_ __ _ _(_)_ __  __ _ \ \ \ \
( ( )\___ | '_ | '_| | '_ \/ _` | \ \ \ \
 \\/  ___)| |_)| | | | | || (_| |  ) ) ) )
  '  |____| .__|_| |_|_| |_\__, | / / / /
 =========|_|==============|___/=/_/_/_/
 :: Spring Boot ::        (v1.4.3.RELEASE)

2017-02-14 15:28:19.096  INFO 3877 --- [    Test worker] com.feed.FeedTest                        : Starting FeedTest on chan-ThinkPad-T440 with PID 3877 (started by chan in /media/chan/EECE76F1CE76B207/Users/user/IdeaProjects/SpringFeed)
2017-02-14 15:28:19.099  INFO 3877 --- [    Test worker] com.feed.FeedTest                        : No active profile set, falling back to default profiles: default
2017-02-14 15:28:19.589  INFO 3877 --- [    Test worker] ationConfigEmbeddedWebApplicationContext : Refreshing org.springframework.boot.context.embedded.AnnotationConfigEmbeddedWebApplicationContext@733657a1: startup date [Tue Feb 14 15:28:19 KST 2017]; root of context hierarchy
2017-02-14 15:28:21.798  INFO 3877 --- [    Test worker] trationDelegate$BeanPostProcessorChecker : Bean 'org.springframework.transaction.annotation.ProxyTransactionManagementConfiguration' of type [class org.springframework.transaction.annotation.ProxyTransactionManagementConfiguration$$EnhancerBySpringCGLIB$$ed9cecab] is not eligible for getting processed by all BeanPostProcessors (for example: not eligible for auto-proxying)
2017-02-14 15:28:22.477  INFO 3877 --- [    Test worker] s.b.c.e.t.TomcatEmbeddedServletContainer : Tomcat initialized with port(s): 0 (http)
2017-02-14 15:28:22.494  INFO 3877 --- [    Test worker] o.apache.catalina.core.StandardService   : Starting service Tomcat
2017-02-14 15:28:22.496  INFO 3877 --- [    Test worker] org.apache.catalina.core.StandardEngine  : Starting Servlet Engine: Apache Tomcat/8.5.6
2017-02-14 15:28:22.642  INFO 3877 --- [ost-startStop-1] o.a.c.c.C.[Tomcat].[localhost].[/]       : Initializing Spring embedded WebApplicationContext
2017-02-14 15:28:22.642  INFO 3877 --- [ost-startStop-1] o.s.web.context.ContextLoader            : Root WebApplicationContext: initialization completed in 3057 ms
2017-02-14 15:28:22.887  INFO 3877 --- [ost-startStop-1] o.s.b.w.servlet.ServletRegistrationBean  : Mapping servlet: 'dispatcherServlet' to [/]
2017-02-14 15:28:22.896  INFO 3877 --- [ost-startStop-1] o.s.b.w.servlet.FilterRegistrationBean   : Mapping filter: 'characterEncodingFilter' to: [/*]
2017-02-14 15:28:22.897  INFO 3877 --- [ost-startStop-1] o.s.b.w.servlet.FilterRegistrationBean   : Mapping filter: 'hiddenHttpMethodFilter' to: [/*]
2017-02-14 15:28:22.898  INFO 3877 --- [ost-startStop-1] o.s.b.w.servlet.FilterRegistrationBean   : Mapping filter: 'httpPutFormContentFilter' to: [/*]
2017-02-14 15:28:22.901  INFO 3877 --- [ost-startStop-1] o.s.b.w.servlet.FilterRegistrationBean   : Mapping filter: 'requestContextFilter' to: [/*]
2017-02-14 15:28:23.271  INFO 3877 --- [    Test worker] j.LocalContainerEntityManagerFactoryBean : Building JPA container EntityManagerFactory for persistence unit 'default'
2017-02-14 15:28:23.299  INFO 3877 --- [    Test worker] o.hibernate.jpa.internal.util.LogHelper  : HHH000204: Processing PersistenceUnitInfo [
	name: default
	...]
2017-02-14 15:28:23.512  INFO 3877 --- [    Test worker] org.hibernate.Version                    : HHH000412: Hibernate Core {5.0.11.Final}
2017-02-14 15:28:23.516  INFO 3877 --- [    Test worker] org.hibernate.cfg.Environment            : HHH000206: hibernate.properties not found
2017-02-14 15:28:23.519  INFO 3877 --- [    Test worker] org.hibernate.cfg.Environment            : HHH000021: Bytecode provider name : javassist
2017-02-14 15:28:23.602  INFO 3877 --- [    Test worker] o.hibernate.annotations.common.Version   : HCANN000001: Hibernate Commons Annotations {5.0.1.Final}
2017-02-14 15:28:24.072  INFO 3877 --- [    Test worker] org.hibernate.dialect.Dialect            : HHH000400: Using dialect: org.hibernate.dialect.MySQLDialect
2017-02-14 15:28:24.755  INFO 3877 --- [    Test worker] org.hibernate.tool.hbm2ddl.SchemaExport  : HHH000227: Running hbm2ddl schema export
Hibernate: drop table if exists follow
Hibernate: drop table if exists post
Hibernate: drop table if exists user
Hibernate: create table follow (id bigint not null auto_increment, follower varchar(255), following varchar(255), primary key (id))
Hibernate: create table post (id bigint not null auto_increment, content varchar(255), user_id varchar(255), primary key (id))
Hibernate: create table user (user_id varchar(255) not null, follower bigint not null, following bigint not null, is_enabled bit not null, password varchar(255), posting bigint not null, primary key (user_id))
2017-02-14 15:28:25.641  INFO 3877 --- [    Test worker] org.hibernate.tool.hbm2ddl.SchemaExport  : HHH000230: Schema export complete
2017-02-14 15:28:25.756  INFO 3877 --- [    Test worker] j.LocalContainerEntityManagerFactoryBean : Initialized JPA EntityManagerFactory for persistence unit 'default'
2017-02-14 15:28:26.788  INFO 3877 --- [    Test worker] s.w.s.m.m.a.RequestMappingHandlerAdapter : Looking for @ControllerAdvice: org.springframework.boot.context.embedded.AnnotationConfigEmbeddedWebApplicationContext@733657a1: startup date [Tue Feb 14 15:28:19 KST 2017]; root of context hierarchy
2017-02-14 15:28:26.935  INFO 3877 --- [    Test worker] s.w.s.m.m.a.RequestMappingHandlerMapping : Mapped "{[/feed]}" onto public java.lang.String com.feed.controller.FeedController.feedHome(org.springframework.ui.Model,org.springframework.ui.ModelMap,javax.servlet.http.HttpServletRequest)
2017-02-14 15:28:26.937  INFO 3877 --- [    Test worker] s.w.s.m.m.a.RequestMappingHandlerMapping : Mapped "{[/feed],methods=[POST]}" onto public java.lang.String com.feed.controller.FeedController.posting(com.feed.model.Post,javax.servlet.http.HttpServletRequest)
2017-02-14 15:28:26.938  INFO 3877 --- [    Test worker] s.w.s.m.m.a.RequestMappingHandlerMapping : Mapped "{[/follow/{userId}]}" onto public java.lang.String com.feed.controller.FollowController.follow(java.lang.String,javax.servlet.http.HttpServletRequest)
2017-02-14 15:28:26.938  INFO 3877 --- [    Test worker] s.w.s.m.m.a.RequestMappingHandlerMapping : Mapped "{[/]}" onto public java.lang.String com.feed.controller.HomeController.home()
2017-02-14 15:28:26.939  INFO 3877 --- [    Test worker] s.w.s.m.m.a.RequestMappingHandlerMapping : Mapped "{[/join]}" onto public java.lang.String com.feed.controller.JoinController.joinHome()
2017-02-14 15:28:26.939  INFO 3877 --- [    Test worker] s.w.s.m.m.a.RequestMappingHandlerMapping : Mapped "{[/join],methods=[POST]}" onto public java.lang.String com.feed.controller.JoinController.join(com.feed.model.User)
2017-02-14 15:28:26.940  INFO 3877 --- [    Test worker] s.w.s.m.m.a.RequestMappingHandlerMapping : Mapped "{[/login],methods=[POST]}" onto public java.lang.String com.feed.controller.LoginController.login(java.lang.String,java.lang.String,javax.servlet.http.HttpSession)
2017-02-14 15:28:26.941  INFO 3877 --- [    Test worker] s.w.s.m.m.a.RequestMappingHandlerMapping : Mapped "{[/logout]}" onto public java.lang.String com.feed.controller.LoginController.logout(javax.servlet.http.HttpServletRequest)
2017-02-14 15:28:26.941  INFO 3877 --- [    Test worker] s.w.s.m.m.a.RequestMappingHandlerMapping : Mapped "{[/login]}" onto public java.lang.String com.feed.controller.LoginController.loginHome()
2017-02-14 15:28:26.941  INFO 3877 --- [    Test worker] s.w.s.m.m.a.RequestMappingHandlerMapping : Mapped "{[/{userId}]}" onto public java.lang.String com.feed.controller.MyPageController.myPage(java.lang.String,org.springframework.ui.Model,org.springframework.ui.ModelMap,javax.servlet.http.HttpServletRequest)
2017-02-14 15:28:26.944  INFO 3877 --- [    Test worker] s.w.s.m.m.a.RequestMappingHandlerMapping : Mapped "{[/error],produces=[text/html]}" onto public org.springframework.web.servlet.ModelAndView org.springframework.boot.autoconfigure.web.BasicErrorController.errorHtml(javax.servlet.http.HttpServletRequest,javax.servlet.http.HttpServletResponse)
2017-02-14 15:28:26.945  INFO 3877 --- [    Test worker] s.w.s.m.m.a.RequestMappingHandlerMapping : Mapped "{[/error]}" onto public org.springframework.http.ResponseEntity<java.util.Map<java.lang.String, java.lang.Object>> org.springframework.boot.autoconfigure.web.BasicErrorController.error(javax.servlet.http.HttpServletRequest)
2017-02-14 15:28:27.016  INFO 3877 --- [    Test worker] o.s.w.s.handler.SimpleUrlHandlerMapping  : Mapped URL path [/webjars/**] onto handler of type [class org.springframework.web.servlet.resource.ResourceHttpRequestHandler]
2017-02-14 15:28:27.016  INFO 3877 --- [    Test worker] o.s.w.s.handler.SimpleUrlHandlerMapping  : Mapped URL path [/**] onto handler of type [class org.springframework.web.servlet.resource.ResourceHttpRequestHandler]
2017-02-14 15:28:27.105  INFO 3877 --- [    Test worker] o.s.w.s.handler.SimpleUrlHandlerMapping  : Mapped URL path [/**/favicon.ico] onto handler of type [class org.springframework.web.servlet.resource.ResourceHttpRequestHandler]
2017-02-14 15:28:28.275  INFO 3877 --- [    Test worker] s.b.c.e.t.TomcatEmbeddedServletContainer : Tomcat started on port(s): 37201 (http)
2017-02-14 15:28:28.282  INFO 3877 --- [    Test worker] com.feed.FeedTest                        : Started FeedTest in 9.841 seconds (JVM running for 11.099)
/media/chan/EECE76F1CE76B207/Users/user/IdeaProjects/SpringFeed
2017-02-14 15:28:28.405  INFO 3877 --- [    Test worker] o.o.s.phantomjs.PhantomJSDriverService   : executable: /media/chan/EECE76F1CE76B207/Users/user/IdeaProjects/SpringFeed/src/test/resources/phantomjs-2.1.1-linux-x86_64/bin/phantomjs
2017-02-14 15:28:28.406  INFO 3877 --- [    Test worker] o.o.s.phantomjs.PhantomJSDriverService   : port: 14674
2017-02-14 15:28:28.418  INFO 3877 --- [    Test worker] o.o.s.phantomjs.PhantomJSDriverService   : arguments: [--webdriver=14674, --webdriver-logfile=/media/chan/EECE76F1CE76B207/Users/user/IdeaProjects/SpringFeed/phantomjsdriver.log]
2017-02-14 15:28:28.437  INFO 3877 --- [    Test worker] o.o.s.phantomjs.PhantomJSDriverService   : environment: {}
2017-02-14 15:28:29.614  INFO 3877 --- [o-auto-1-exec-1] o.a.c.c.C.[Tomcat].[localhost].[/]       : Initializing Spring FrameworkServlet 'dispatcherServlet'
2017-02-14 15:28:29.614  INFO 3877 --- [o-auto-1-exec-1] o.s.web.servlet.DispatcherServlet        : FrameworkServlet 'dispatcherServlet': initialization started
2017-02-14 15:28:29.645  INFO 3877 --- [o-auto-1-exec-1] o.s.web.servlet.DispatcherServlet        : FrameworkServlet 'dispatcherServlet': initialization completed in 31 ms
2017-02-14 15:28:30.624  INFO 3877 --- [o-auto-1-exec-2] o.h.h.i.QueryTranslatorFactoryInitiator  : HHH000397: Using ASTQueryTranslatorFactory
Hibernate: select user0_.user_id as user_id1_2_, user0_.follower as follower2_2_, user0_.following as followin3_2_, user0_.is_enabled as is_enabl4_2_, user0_.password as password5_2_, user0_.posting as posting6_2_ from user user0_ where user0_.user_id=?
Hibernate: select user0_.user_id as user_id1_2_0_, user0_.follower as follower2_2_0_, user0_.following as followin3_2_0_, user0_.is_enabled as is_enabl4_2_0_, user0_.password as password5_2_0_, user0_.posting as posting6_2_0_ from user user0_ where user0_.user_id=?
Hibernate: update user set follower=?, following=?, is_enabled=?, password=?, posting=? where user_id=?
Hibernate: select post0_.id as id1_1_, post0_.content as content2_1_, post0_.user_id as user_id3_1_ from post post0_ order by post0_.id desc
Hibernate: select user0_.user_id as user_id1_2_0_, user0_.follower as follower2_2_0_, user0_.following as followin3_2_0_, user0_.is_enabled as is_enabl4_2_0_, user0_.password as password5_2_0_, user0_.posting as posting6_2_0_ from user user0_ where user0_.user_id=?
Hibernate: update user set follower=?, following=?, is_enabled=?, password=?, posting=? where user_id=?
Hibernate: select post0_.id as id1_1_, post0_.content as content2_1_, post0_.user_id as user_id3_1_ from post post0_ order by post0_.id desc
/media/chan/EECE76F1CE76B207/Users/user/IdeaProjects/SpringFeed
2017-02-14 15:28:32.462  INFO 3877 --- [    Test worker] o.o.s.phantomjs.PhantomJSDriverService   : executable: /media/chan/EECE76F1CE76B207/Users/user/IdeaProjects/SpringFeed/src/test/resources/phantomjs-2.1.1-linux-x86_64/bin/phantomjs
2017-02-14 15:28:32.462  INFO 3877 --- [    Test worker] o.o.s.phantomjs.PhantomJSDriverService   : port: 24310
2017-02-14 15:28:32.462  INFO 3877 --- [    Test worker] o.o.s.phantomjs.PhantomJSDriverService   : arguments: [--webdriver=24310, --webdriver-logfile=/media/chan/EECE76F1CE76B207/Users/user/IdeaProjects/SpringFeed/phantomjsdriver.log]
2017-02-14 15:28:32.462  INFO 3877 --- [    Test worker] o.o.s.phantomjs.PhantomJSDriverService   : environment: {}
Hibernate: select user0_.user_id as user_id1_2_, user0_.follower as follower2_2_, user0_.following as followin3_2_, user0_.is_enabled as is_enabl4_2_, user0_.password as password5_2_, user0_.posting as posting6_2_ from user user0_ where user0_.user_id=?
Hibernate: select user0_.user_id as user_id1_2_0_, user0_.follower as follower2_2_0_, user0_.following as followin3_2_0_, user0_.is_enabled as is_enabl4_2_0_, user0_.password as password5_2_0_, user0_.posting as posting6_2_0_ from user user0_ where user0_.user_id=?
Hibernate: update user set follower=?, following=?, is_enabled=?, password=?, posting=? where user_id=?
Hibernate: select post0_.id as id1_1_, post0_.content as content2_1_, post0_.user_id as user_id3_1_ from post post0_ order by post0_.id desc
Hibernate: select user0_.user_id as user_id1_2_0_, user0_.follower as follower2_2_0_, user0_.following as followin3_2_0_, user0_.is_enabled as is_enabl4_2_0_, user0_.password as password5_2_0_, user0_.posting as posting6_2_0_ from user user0_ where user0_.user_id=?
Hibernate: update user set follower=?, following=?, is_enabled=?, password=?, posting=? where user_id=?
/media/chan/EECE76F1CE76B207/Users/user/IdeaProjects/SpringFeed
2017-02-14 15:28:33.695  INFO 3877 --- [    Test worker] o.o.s.phantomjs.PhantomJSDriverService   : executable: /media/chan/EECE76F1CE76B207/Users/user/IdeaProjects/SpringFeed/src/test/resources/phantomjs-2.1.1-linux-x86_64/bin/phantomjs
2017-02-14 15:28:33.695  INFO 3877 --- [    Test worker] o.o.s.phantomjs.PhantomJSDriverService   : port: 5907
2017-02-14 15:28:33.695  INFO 3877 --- [    Test worker] o.o.s.phantomjs.PhantomJSDriverService   : arguments: [--webdriver=5907, --webdriver-logfile=/media/chan/EECE76F1CE76B207/Users/user/IdeaProjects/SpringFeed/phantomjsdriver.log]
2017-02-14 15:28:33.695  INFO 3877 --- [    Test worker] o.o.s.phantomjs.PhantomJSDriverService   : environment: {}
Hibernate: select user0_.user_id as user_id1_2_, user0_.follower as follower2_2_, user0_.following as followin3_2_, user0_.is_enabled as is_enabl4_2_, user0_.password as password5_2_, user0_.posting as posting6_2_ from user user0_ where user0_.user_id=?
Hibernate: select user0_.user_id as user_id1_2_0_, user0_.follower as follower2_2_0_, user0_.following as followin3_2_0_, user0_.is_enabled as is_enabl4_2_0_, user0_.password as password5_2_0_, user0_.posting as posting6_2_0_ from user user0_ where user0_.user_id=?
Hibernate: update user set follower=?, following=?, is_enabled=?, password=?, posting=? where user_id=?
Hibernate: select post0_.id as id1_1_, post0_.content as content2_1_, post0_.user_id as user_id3_1_ from post post0_ order by post0_.id desc
/media/chan/EECE76F1CE76B207/Users/user/IdeaProjects/SpringFeed
2017-02-14 15:28:35.512  INFO 3877 --- [    Test worker] o.o.s.phantomjs.PhantomJSDriverService   : executable: /media/chan/EECE76F1CE76B207/Users/user/IdeaProjects/SpringFeed/src/test/resources/phantomjs-2.1.1-linux-x86_64/bin/phantomjs
2017-02-14 15:28:35.512  INFO 3877 --- [    Test worker] o.o.s.phantomjs.PhantomJSDriverService   : port: 12517
2017-02-14 15:28:35.512  INFO 3877 --- [    Test worker] o.o.s.phantomjs.PhantomJSDriverService   : arguments: [--webdriver=12517, --webdriver-logfile=/media/chan/EECE76F1CE76B207/Users/user/IdeaProjects/SpringFeed/phantomjsdriver.log]
2017-02-14 15:28:35.512  INFO 3877 --- [    Test worker] o.o.s.phantomjs.PhantomJSDriverService   : environment: {}
Hibernate: select user0_.user_id as user_id1_2_, user0_.follower as follower2_2_, user0_.following as followin3_2_, user0_.is_enabled as is_enabl4_2_, user0_.password as password5_2_, user0_.posting as posting6_2_ from user user0_ where user0_.user_id=?
Hibernate: select user0_.user_id as user_id1_2_0_, user0_.follower as follower2_2_0_, user0_.following as followin3_2_0_, user0_.is_enabled as is_enabl4_2_0_, user0_.password as password5_2_0_, user0_.posting as posting6_2_0_ from user user0_ where user0_.user_id=?
Hibernate: update user set follower=?, following=?, is_enabled=?, password=?, posting=? where user_id=?
Hibernate: select post0_.id as id1_1_, post0_.content as content2_1_, post0_.user_id as user_id3_1_ from post post0_ order by post0_.id desc
Hibernate: select user0_.user_id as user_id1_2_0_, user0_.follower as follower2_2_0_, user0_.following as followin3_2_0_, user0_.is_enabled as is_enabl4_2_0_, user0_.password as password5_2_0_, user0_.posting as posting6_2_0_ from user user0_ where user0_.user_id=?
Hibernate: update user set follower=?, following=?, is_enabled=?, password=?, posting=? where user_id=?
]]></system-out>
  <system-err><![CDATA[[INFO  - 2017-02-14T06:28:29.139Z] GhostDriver - Main - running on port 14674
[INFO  - 2017-02-14T06:28:29.427Z] Session [cca008e0-f27e-11e6-afe3-698cacc949de] - page.settings - {"XSSAuditingEnabled":false,"javascriptCanCloseWindows":true,"javascriptCanOpenWindows":true,"javascriptEnabled":true,"loadImages":true,"localToRemoteUrlAccessEnabled":false,"userAgent":"Mozilla/5.0 (Unknown; Linux x86_64) AppleWebKit/538.1 (KHTML, like Gecko) PhantomJS/2.1.1 Safari/538.1","webSecurityEnabled":true}
[INFO  - 2017-02-14T06:28:29.430Z] Session [cca008e0-f27e-11e6-afe3-698cacc949de] - page.customHeaders:  - {}
[INFO  - 2017-02-14T06:28:29.430Z] Session [cca008e0-f27e-11e6-afe3-698cacc949de] - Session.negotiatedCapabilities - {"browserName":"phantomjs","version":"2.1.1","driverName":"ghostdriver","driverVersion":"1.2.0","platform":"linux-unknown-64bit","javascriptEnabled":true,"takesScreenshot":true,"handlesAlerts":false,"databaseEnabled":false,"locationContextEnabled":false,"applicationCacheEnabled":false,"browserConnectionEnabled":false,"cssSelectorsEnabled":true,"webStorageEnabled":false,"rotatable":false,"acceptSslCerts":false,"nativeEvents":true,"proxy":{"proxyType":"direct"}}
[INFO  - 2017-02-14T06:28:29.431Z] SessionManagerReqHand - _postNewSessionCommand - New Session Created: cca008e0-f27e-11e6-afe3-698cacc949de
[INFO  - 2017-02-14T06:28:32.567Z] GhostDriver - Main - running on port 24310
[INFO  - 2017-02-14T06:28:32.627Z] Session [ce889f00-f27e-11e6-b62b-8918190a2b8a] - page.settings - {"XSSAuditingEnabled":false,"javascriptCanCloseWindows":true,"javascriptCanOpenWindows":true,"javascriptEnabled":true,"loadImages":true,"localToRemoteUrlAccessEnabled":false,"userAgent":"Mozilla/5.0 (Unknown; Linux x86_64) AppleWebKit/538.1 (KHTML, like Gecko) PhantomJS/2.1.1 Safari/538.1","webSecurityEnabled":true}
[INFO  - 2017-02-14T06:28:32.627Z] Session [ce889f00-f27e-11e6-b62b-8918190a2b8a] - page.customHeaders:  - {}
[INFO  - 2017-02-14T06:28:32.628Z] Session [ce889f00-f27e-11e6-b62b-8918190a2b8a] - Session.negotiatedCapabilities - {"browserName":"phantomjs","version":"2.1.1","driverName":"ghostdriver","driverVersion":"1.2.0","platform":"linux-unknown-64bit","javascriptEnabled":true,"takesScreenshot":true,"handlesAlerts":false,"databaseEnabled":false,"locationContextEnabled":false,"applicationCacheEnabled":false,"browserConnectionEnabled":false,"cssSelectorsEnabled":true,"webStorageEnabled":false,"rotatable":false,"acceptSslCerts":false,"nativeEvents":true,"proxy":{"proxyType":"direct"}}
[INFO  - 2017-02-14T06:28:32.628Z] SessionManagerReqHand - _postNewSessionCommand - New Session Created: ce889f00-f27e-11e6-b62b-8918190a2b8a
[INFO  - 2017-02-14T06:28:33.783Z] GhostDriver - Main - running on port 5907
[INFO  - 2017-02-14T06:28:33.868Z] Session [cf458660-f27e-11e6-bb9e-410528ee7712] - page.settings - {"XSSAuditingEnabled":false,"javascriptCanCloseWindows":true,"javascriptCanOpenWindows":true,"javascriptEnabled":true,"loadImages":true,"localToRemoteUrlAccessEnabled":false,"userAgent":"Mozilla/5.0 (Unknown; Linux x86_64) AppleWebKit/538.1 (KHTML, like Gecko) PhantomJS/2.1.1 Safari/538.1","webSecurityEnabled":true}
[INFO  - 2017-02-14T06:28:33.868Z] Session [cf458660-f27e-11e6-bb9e-410528ee7712] - page.customHeaders:  - {}
[INFO  - 2017-02-14T06:28:33.868Z] Session [cf458660-f27e-11e6-bb9e-410528ee7712] - Session.negotiatedCapabilities - {"browserName":"phantomjs","version":"2.1.1","driverName":"ghostdriver","driverVersion":"1.2.0","platform":"linux-unknown-64bit","javascriptEnabled":true,"takesScreenshot":true,"handlesAlerts":false,"databaseEnabled":false,"locationContextEnabled":false,"applicationCacheEnabled":false,"browserConnectionEnabled":false,"cssSelectorsEnabled":true,"webStorageEnabled":false,"rotatable":false,"acceptSslCerts":false,"nativeEvents":true,"proxy":{"proxyType":"direct"}}
[INFO  - 2017-02-14T06:28:33.870Z] SessionManagerReqHand - _postNewSessionCommand - New Session Created: cf458660-f27e-11e6-bb9e-410528ee7712
[INFO  - 2017-02-14T06:28:35.604Z] GhostDriver - Main - running on port 12517
[INFO  - 2017-02-14T06:28:35.679Z] Session [d059dc90-f27e-11e6-b353-df22a4fc07e3] - page.settings - {"XSSAuditingEnabled":false,"javascriptCanCloseWindows":true,"javascriptCanOpenWindows":true,"javascriptEnabled":true,"loadImages":true,"localToRemoteUrlAccessEnabled":false,"userAgent":"Mozilla/5.0 (Unknown; Linux x86_64) AppleWebKit/538.1 (KHTML, like Gecko) PhantomJS/2.1.1 Safari/538.1","webSecurityEnabled":true}
[INFO  - 2017-02-14T06:28:35.679Z] Session [d059dc90-f27e-11e6-b353-df22a4fc07e3] - page.customHeaders:  - {}
[INFO  - 2017-02-14T06:28:35.680Z] Session [d059dc90-f27e-11e6-b353-df22a4fc07e3] - Session.negotiatedCapabilities - {"browserName":"phantomjs","version":"2.1.1","driverName":"ghostdriver","driverVersion":"1.2.0","platform":"linux-unknown-64bit","javascriptEnabled":true,"takesScreenshot":true,"handlesAlerts":false,"databaseEnabled":false,"locationContextEnabled":false,"applicationCacheEnabled":false,"browserConnectionEnabled":false,"cssSelectorsEnabled":true,"webStorageEnabled":false,"rotatable":false,"acceptSslCerts":false,"nativeEvents":true,"proxy":{"proxyType":"direct"}}
[INFO  - 2017-02-14T06:28:35.681Z] SessionManagerReqHand - _postNewSessionCommand - New Session Created: d059dc90-f27e-11e6-b353-df22a4fc07e3
]]></system-err>
</testsuite>
